make.exe all --print-data-base --no-builtin-variables --no-builtin-rules --question
# GNU Make 3.81
# Copyright (C) 2006  Free Software Foundation, Inc.
# This is free software; see the source for copying conditions.
# There is NO warranty; not even for MERCHANTABILITY or FITNESS FOR A
# PARTICULAR PURPOSE.

# This program built for i386-pc-mingw32
 
File not found - *.cpp
FIND: Parameter format not correct
make.exe: *** No rule to make target `all'.  Stop.
 

# Make data base, printed on Thu Jan 20 01:26:34 2022

# Variables

# automatic
<D = $(patsubst %/,%,$(dir $<))
# automatic
?F = $(notdir $?)
# makefile
MAKEFLAGS = Rrqp
# environment
VSCODE_LOG_NATIVE = false
# automatic
?D = $(patsubst %/,%,$(dir $?))
# makefile (from `makefile', line 26)
CPPFLAGS :=  -MMD -MP
# automatic
@D = $(patsubst %/,%,$(dir $@))
# environment
HOMEDRIVE = C:
# automatic
@F = $(notdir $@)
# automatic
^D = $(patsubst %/,%,$(dir $^))
# makefile
CURDIR := d:/Projects/lodash-native/lodash-native
# default
SHELL := sh.exe
# environment
WINDIR = C:\WINDOWS
# environment
VSCODE_NLS_CONFIG = {"locale":"en-us","availableLanguages":{},"_languagePackSupport":true}
# environment
ONEDRIVE = E:\OneDrive
# makefile (from `makefile', line 20)
INC_DIRS := 
# environment
PATHEXT = .COM;.EXE;.BAT;.CMD;.VBS;.VBE;.JS;.JSE;.WSF;.WSH;.MSC;.PY;.PYW;.PL;.WPL;.RB;.RBW
# makefile (from `makefile', line 1)
MAKEFILE_LIST :=  makefile
# environment
FPS_BROWSER_USER_PROFILE_STRING = Default
# environment
TMP = C:\Users\dinindu\AppData\Local\Temp
# environment
GYP_MSVS_VERSION = 2019
# environment
VSCODE_VERBOSE_LOGGING = true
# environment
PROGRAMW6432 = C:\Program Files
# makefile (from `makefile', line 13)
OBJS := 
# environment
PROGRAMDATA = C:\ProgramData
# environment
VSCODE_IPC_HOOK_EXTHOST = \\.\pipe\vscode-ipc-7fd43a45-537b-4446-a2c2-e4628f275be4-sock
# environment
VSCODE_CWD = C:\WINDOWS\System32
# environment
ESET_OPTIONS = $(subst ,,                                                                                                                                                                                                                                                                                                                                                                                                                                                                                                                               )
# environment
PATH = C:\Program Files\Microsoft\jdk-11.0.12.7-hotspot\bin;G:\OpenJDK\bin;G:\Perl64\bin;C:\Users\dinindu\AppData\Roaming\ActiveState\bin;C:\Python38\Scripts\;C:\Python38\;C:\Python27\;C:\Python27\Scripts;C:\Program Files (x86)\Intel\Intel(R) Management Engine Components\iCLS\;C:\Program Files\Intel\Intel(R) Management Engine Components\iCLS\;C:\Windows\system32;C:\Windows;C:\Windows\System32\Wbem;C:\Windows\System32\WindowsPowerShell\v1.0\;C:\Windows\System32\OpenSSH\;C:\Program Files\Intel\WiFi\bin\;C:\Program Files\Common Files\Intel\WirelessCommon\;C:\Program Files\NVIDIA Corporation\NVIDIA NvDLISR;C:\Program Files (x86)\NVIDIA Corporation\PhysX\Common;C:\TDM-GCC-64\bin;C:\WINDOWS\system32;C:\WINDOWS;C:\WINDOWS\System32\Wbem;C:\WINDOWS\System32\WindowsPowerShell\v1.0\;C:\WINDOWS\System32\OpenSSH\;G:\Program Files\Dart\dart-sdk\bin;C:\Program Files\Microsoft SQL Server\120\Tools\Binn\;C:\ProgramData\chocolatey\bin;C:\Program Files\Microsoft SQL Server\130\Tools\Binn\;C:\Program Files\Microsoft SQL Server\Client SDK\ODBC\170\Tools\Binn\;C:\Program Files (x86)\Microsoft SQL Server\150\DTS\Binn\;C:\Program Files\PostgreSQL\12\bin\;C:\Program Files\dotnet\;C:\Program Files\nodejs\;C:\WINDOWS\system32;C:\WINDOWS;C:\WINDOWS\System32\Wbem;C:\WINDOWS\System32\WindowsPowerShell\v1.0\;C:\WINDOWS\System32\OpenSSH\;C:\Program Files\Git\cmd;C:\Program Files\Microsoft SQL Server\150\Tools\Binn\;G:\Ruby26-x64\bin;C:\Users\dinindu\AppData\Local\Microsoft\WindowsApps;C:\Program Files\Intel\WiFi\bin\;C:\Program Files\Common Files\Intel\WirelessCommon\;C:\Users\dinindu\AppData\Local\Programs\Microsoft VS Code\bin;G:\Program Files\ENV\;C:\Python27\;D:\WebAssembly\emsdk\emscripten\1.38.30;G:\Program Files\Dart\dart-sdk\bin;C:\Users\dinindu\AppData\Roaming\Pub\Cache\bin;G:\Program Files\heroku\bin;G:\Program Files\nasm-2.14.02;G:\Program Files\php;G:\Program Files\JetBrains\JetBrains Rider 2019.3.2\bin;C:\Users\dinindu\.dotnet\tools;G:\flutter\bin;G:\Program Files\CMake\bin;G:\Program Files\GnuWin32\bin;G:\Environment Variables\;G:\curl-7.70.0-win64-mingw\bin;C:\Users\dinindu\AppData\Local\Microsoft\WindowsApps;C:\Users\dinindu\AppData\Local\GitHubDesktop\bin;G:\emsdk;G:\emsdk\upstream\emscripten;G:\emsdk\node\12.18.1_64bit\bin;G:\emsdk\python\3.7.4-pywin32_64bit;G:\emsdk\java\8.152_64bit\bin;G:\apache-maven-3.6.3\bin;C:\Users\dinindu\.dotnet\tools;C:\Program Files\Azure Data Studio\bin;C:\Program Files (x86)\Microsoft Visual Studio\2019\Community\MSBuild\Current\Bin;G:\Android\Sdk\platform-tools;G:\Sonarqube\sonarqube-9.1.0.47736\sonarqube-9.1.0.47736\bin;G:\Sonarqube\sonarqube-9.1.0.47736\sonarqube-9.1.0.47736\bin\windows-x86-64;C:\Users\dinindu\AppData\Roaming\npm;G:\Program Files\Java\jdk-11.0.7\bin;
# environment
COMMONPROGRAMW6432 = C:\Program Files\Common Files
# environment
CHOCOLATEYLASTPATHUPDATE = 132322547350893967
# environment
PROCESSOR_ARCHITECTURE = x86
# environment
USERPROFILE = C:\Users\dinindu
# environment
CHOCOLATEYINSTALL = C:\ProgramData\chocolatey
# environment
RUBYOPT = -Eutf-8
# environment
ALLUSERSPROFILE = C:\ProgramData
# environment
EMSDK_NODE = G:\emsdk\node\12.18.1_64bit\bin\node.exe
# environment
PATH_ORIGINAL = C:\Users\dinindu\AppData\Roaming\ActiveState\bin;C:\Python38\Scripts\;C:\Python38\;C:\Python27\;C:\Python27\Scripts;C:\Program Files (x86)\Intel\Intel(R) Management Engine Components\iCLS\;C:\Program Files\Intel\Intel(R) Management Engine Components\iCLS\;C:\Windows\system32;C:\Windows;C:\Windows\System32\Wbem;C:\Windows\System32\WindowsPowerShell\v1.0\;C:\Windows\System32\OpenSSH\;C:\Program Files (x86)\Intel\Intel(R) Management Engine Components\DAL;C:\Program Files\Intel\Intel(R) Management Engine Components\DAL;C:\Program Files (x86)\Intel\Intel(R) Management Engine Components\IPT;C:\Program Files\Intel\Intel(R) Management Engine Components\IPT;C:\Program Files\Intel\WiFi\bin\;C:\Program Files\Common Files\Intel\WirelessCommon\;C:\Program Files\NVIDIA Corporation\NVIDIA NvDLISR;C:\Program Files (x86)\NVIDIA Corporation\PhysX\Common;C:\Program Files\Git\cmd;C:\TDM-GCC-64\bin;C:\WINDOWS\system32;C:\WINDOWS;C:\WINDOWS\System32\Wbem;C:\WINDOWS\System32\WindowsPowerShell\v1.0\;C:\WINDOWS\System32\OpenSSH\;G:\Program Files\Dart\dart-sdk\bin;C:\Program Files\Common Files\Autodesk Shared\;C:\Program Files\Microsoft SQL Server\120\Tools\Binn\;C:\ProgramData\chocolatey\bin;C:\Program Files\Microsoft SQL Server\130\Tools\Binn\;C:\Program Files\Microsoft SQL Server\Client SDK\ODBC\170\Tools\Binn\;C:\Program Files\dotnet\;C:\Program Files (x86)\Microsoft SQL Server\150\DTS\Binn\;C:\Program Files\PostgreSQL\12\bin\;C:\Program Files\nodejs\;G:\Program Files\MiKTeX\miktex\bin\x64\
# environment
VSCODE_LOG_STACK = false
# environment
NUMBER_OF_PROCESSORS = 6
# environment
ELECTRON_RUN_AS_NODE = 1
# environment
ANDROID_HOME = G:\Android\Sdk
# default
.FEATURES := target-specific order-only second-expansion else-if archives
# automatic
%F = $(notdir $%)
# automatic
*F = $(notdir $*)
# environment
CHROME_CRASHPAD_PIPE_NAME = \\.\pipe\crashpad_12024_KKVLRMEWZMZIBEPJ
# environment
VSCODE_PIPE_LOGGING = true
# makefile (from `makefile', line 4)
SRC_DIRS := ./lib
# environment
COMPUTERNAME = DININDU
# makefile (from `makefile', line 22)
INC_FLAGS := 
# environment
PROGRAMFILES = C:\Program Files (x86)
# environment
DRIVERDATA = C:\Windows\System32\Drivers\DriverData
# environment
EM_CACHE = G:/emsdk/upstream/emscripten\cache
# environment
ORIGINAL_XDG_CURRENT_DESKTOP = undefined
# environment
EMSDK_PYTHON = G:\emsdk\python\3.7.4-pywin32_64bit\python.exe
# environment
USERNAME = dinindu
# environment
PUBLIC = C:\Users\Public
# environment
VSCODE_AMD_ENTRYPOINT = vs/workbench/services/extensions/node/extensionHostProcess
# environment
JETBRAINS RIDER = G:\Program Files\JetBrains\JetBrains Rider 2019.3.2\bin;
# environment
VSCODE_CODE_CACHE_PATH = C:\Users\dinindu\AppData\Roaming\Code\CachedData\899d46d82c4c95423fb7e10e68eba52050e30ba3
# environment
APPLICATION_INSIGHTS_NO_DIAGNOSTIC_CHANNEL = true
# environment
COMMONPROGRAMFILES = C:\Program Files (x86)\Common Files
# environment
LOGONSERVER = \\DININDU
# environment
ONEDRIVECONSUMER = E:\OneDrive
# environment
VSCODE_HANDLES_UNCAUGHT_ERRORS = true
# environment
USERDOMAIN = DININDU
# makefile (from `makefile', line 1)
TARGET_EXEC := lodash
# default
MAKE = $(MAKE_COMMAND)
# default
MAKECMDGOALS := all
# makefile (from `makefile', line 9)
SRCS := 
# makefile (from `makefile', line 3)
BUILD_DIR := ./build
# default
MAKE_VERSION := 3.81
# makefile
.DEFAULT_GOAL := bin/lodash
# environment
PROGRAMFILES(X86) = C:\Program Files (x86)
# automatic
%D = $(patsubst %/,%,$(dir $%))
# environment
LOCALAPPDATA = C:\Users\dinindu\AppData\Local
# environment
PSMODULEPATH = C:\Program Files\WindowsPowerShell\Modules;C:\WINDOWS\system32\WindowsPowerShell\v1.0\Modules;C:\Program Files\Intel\Wired Networking\
# default
MAKE_COMMAND := make.exe
# environment
PROCESSOR_ARCHITEW6432 = AMD64
# default
.VARIABLES := 
# environment
FPS_BROWSER_APP_PROFILE_STRING = Internet Explorer
# environment
PROCESSOR_IDENTIFIER = Intel64 Family 6 Model 158 Stepping 10, GenuineIntel
# environment
OS = Windows_NT
# environment
VSCODE_IPC_HOOK = \\.\pipe\0eb9b5e7cec617eb21d5e80d96baee0f-1.63.2-main-sock
# environment
HOMEPATH = \Users\dinindu
# environment
COMMONPROGRAMFILES(X86) = C:\Program Files (x86)\Common Files
# environment
PROMPT = $P$G
# environment
MFLAGS = -Rrqp
# automatic
*D = $(patsubst %/,%,$(dir $*))
# environment
SYSTEMROOT = C:\WINDOWS
# automatic
+D = $(patsubst %/,%,$(dir $+))
# automatic
+F = $(notdir $+)
# environment
APPDATA = C:\Users\dinindu\AppData\Roaming
# environment
TEMP = C:\Users\dinindu\AppData\Local\Temp
# environment
DART_SDK = G:\Program Files\Dart\dart-sdk
# environment
COMSPEC = C:\WINDOWS\system32\cmd.exe
# default
MAKEFILES := 
# environment
EM_CONFIG = G:\emsdk\.emscripten
# environment
ADSK_3DSMAX_X64_2020 = G:\Autodesk\3ds Max 2020\;D:\Autodesk\3ds Max 2020\
# automatic
<F = $(notdir $<)
# makefile (from `makefile', line 5)
BIN_DIR := ./bin
# environment
LC_ALL = C
# environment
ADSK_3DSMAX_X64_2021 = H:\Autodesk\3ds Max 2021\
# automatic
^F = $(notdir $^)
# makefile (from `makefile', line 17)
DEPS := 
# default
SUFFIXES := 
# environment
SYSTEMDRIVE = C:
# environment
SESSIONNAME = Console
# environment
PROCESSOR_REVISION = 9e0a
# environment
MAKELEVEL := 0
# environment
LANG = C
# environment
PROCESSOR_LEVEL = 6
# environment
EMSDK = G:/emsdk
# environment
VSCODE_PID = 12024
# environment
USERDOMAIN_ROAMINGPROFILE = DININDU
# variable set hash-table stats:
# Load=115/1024=11%, Rehash=0, Collisions=22/154=14%

# Pattern-specific Variable Values

# No pattern-specific variable values.

# Directories

# C:\Python27\ (key C:/Python27/, mtime 1572311198): 15 files, no impossibilities.
# C:\Users\dinindu\AppData\Roaming\ActiveState\bin (key C:/Users/dinindu/AppData/Roaming/ActiveState/bin, mtime 1602987997): 3 files, no impossibilities.
# G:\flutter\bin (key G:/flutter/bin, mtime 1635644356): 9 files, no impossibilities.
# G:\Program Files\heroku\bin (key G:/Program Files/heroku/bin, mtime 1560605530): 4 files, no impossibilities.
# C:\Program Files (x86)\Intel\Intel(R) Management Engine Components\iCLS\ (key C:/Program Files (x86)/Intel/Intel(R) Management Engine Components/iCLS/, mtime 1553400827): 8 files, no impossibilities.
# G:\Program Files\GnuWin32\bin (key G:/Program Files/GnuWin32/bin, mtime 1588659682): 35 files, no impossibilities.
# G:\apache-maven-3.6.3\bin (key G:/apache-maven-3.6.3/bin, mtime 1606268921): 8 files, no impossibilities.
# C:\Program Files (x86)\Microsoft SQL Server\150\DTS\Binn\: could not be stat'd.
# C:\Program Files\Microsoft\jdk-11.0.12.7-hotspot\bin (key C:/Program Files/Microsoft/jdk-11.0.12.7-hotspot/bin, mtime 1642195482): 127 files, no impossibilities.
# G:\emsdk\node\12.18.1_64bit\bin (key G:/emsdk/node/12.18.1_64bit/bin, mtime 1603851555): 15 files, no impossibilities.
# C:\Users\dinindu\AppData\Roaming\Pub\Cache\bin (key C:/Users/dinindu/AppData/Roaming/Pub/Cache/bin, mtime 1635645260): 6 files, no impossibilities.
# C:\Python27\Scripts (key C:/Python27/Scripts, mtime 1572311201): 7 files, no impossibilities.
# G:\Ruby26-x64\bin (key G:/Ruby26-x64/bin, mtime 1591755073): 28 files, no impossibilities.
# G:\Sonarqube\sonarqube-9.1.0.47736\sonarqube-9.1.0.47736\bin\windows-x86-64 (key G:/Sonarqube/sonarqube-9.1.0.47736/sonarqube-9.1.0.47736/bin/windows-x86-64, mtime 1632449552): 8 files, no impossibilities.
# C:\Users\dinindu\AppData\Local\Programs\Microsoft VS Code\bin (key C:/Users/dinindu/AppData/Local/Programs/Microsoft VS Code/bin, mtime 1639791578): 4 files, no impossibilities.
# C:\Windows\System32\WindowsPowerShell\v1.0\ (key C:/Windows/System32/WindowsPowerShell/v1.0/, mtime 1622903042): 30 files, no impossibilities.
# C:\Windows\System32\Wbem (key C:/Windows/System32/Wbem, mtime 1642192353): 170 files, no impossibilities.
# . (key d:/Projects/lodash-native/lodash-native, mtime 1642621227): 14 files, no impossibilities.
# C:\Program Files\Microsoft SQL Server\150\Tools\Binn\ (key C:/Program Files/Microsoft SQL Server/150/Tools/Binn/, mtime 1642195002): 4 files, no impossibilities.
# C:\Program Files\nodejs\ (key C:/Program Files/nodejs/, mtime 1635558782): 13 files, no impossibilities.
# C:\Program Files (x86)\NVIDIA Corporation\PhysX\Common (key C:/Program Files (x86)/NVIDIA Corporation/PhysX/Common, mtime 1553479357): 10 files, no impossibilities.
# C:\Users\dinindu\AppData\Roaming\npm (key C:/Users/dinindu/AppData/Roaming/npm, mtime 1641706987): 75 files, no impossibilities.
# C:\Users\dinindu\.dotnet\tools: could not be stat'd.
# C:\ProgramData\chocolatey\bin (key C:/ProgramData/chocolatey/bin, mtime 1587781140): 22 files, no impossibilities.
# C:\Program Files\dotnet\ (key C:/Program Files/dotnet/, mtime 1642195085): 13 files, no impossibilities.
# C:\TDM-GCC-64\bin (key C:/TDM-GCC-64/bin, mtime 1553909551): 63 files, no impossibilities.
# G:\Program Files\nasm-2.14.02 (key G:/Program Files/nasm-2.14.02, mtime 1561827853): 6 files, no impossibilities.
# G:\Environment Variables\ (key G:/Environment Variables/, mtime 1628756179): 10 files, no impossibilities.
# C:\Program Files\Microsoft SQL Server\Client SDK\ODBC\170\Tools\Binn\ (key C:/Program Files/Microsoft SQL Server/Client SDK/ODBC/170/Tools/Binn/, mtime 1618538416): 7 files, no impossibilities.
# G:\Program Files\php (key G:/Program Files/php, mtime 1565502182): 40 files, no impossibilities.
# C:\Program Files\PostgreSQL\12\bin\ (key C:/Program Files/PostgreSQL/12/bin/, mtime 1587953591): 71 files, no impossibilities.
# G:\Android\Sdk\platform-tools (key G:/Android/Sdk/platform-tools, mtime 1635644711): 19 files, no impossibilities.
# C:\Program Files\Microsoft SQL Server\120\Tools\Binn\ (key C:/Program Files/Microsoft SQL Server/120/Tools/Binn/, mtime 1563049261): 4 files, no impossibilities.
# C:\Windows\System32\OpenSSH\: could not be stat'd.
# C:\Users\dinindu\AppData\Local\GitHubDesktop\bin (key C:/Users/dinindu/AppData/Local/GitHubDesktop/bin, mtime 1603850907): 4 files, no impossibilities.
# C:\Users\dinindu\AppData\Local\Microsoft\WindowsApps (key C:/Users/dinindu/AppData/Local/Microsoft/WindowsApps, mtime 1642075804): 30 files, no impossibilities.
# G:\emsdk (key G:/emsdk, mtime 1641001296): 37 files, no impossibilities.
# C:\Program Files\Microsoft SQL Server\130\Tools\Binn\ (key C:/Program Files/Microsoft SQL Server/130/Tools/Binn/, mtime 1618538405): 4 files, no impossibilities.
# C:\Windows (key C:/Windows, mtime 1642192403): 134 files, no impossibilities.
# G:\Program Files\ENV\ (key G:/Program Files/ENV/, mtime 1620282150): 4 files, no impossibilities.
# G:\Program Files\Java\jdk-11.0.7\bin (key G:/Program Files/Java/jdk-11.0.7/bin, mtime 1588817579): 124 files, no impossibilities.
# C:\Program Files\Intel\Intel(R) Management Engine Components\iCLS\ (key C:/Program Files/Intel/Intel(R) Management Engine Components/iCLS/, mtime 1553400825): 11 files, no impossibilities.
# C:\Program Files\Intel\WiFi\bin\ (key C:/Program Files/Intel/WiFi/bin/, mtime 1638323660): 4 files, no impossibilities.
# C:\Program Files\Common Files\Intel\WirelessCommon\ (key C:/Program Files/Common Files/Intel/WirelessCommon/, mtime 1553400876): 7 files, no impossibilities.
# G:\emsdk\python\3.7.4-pywin32_64bit (key G:/emsdk/python/3.7.4-pywin32_64bit, mtime 1603851559): 32 files, no impossibilities.
# C:\Program Files (x86)\Microsoft Visual Studio\2019\Community\MSBuild\Current\Bin (key C:/Program Files (x86)/Microsoft Visual Studio/2019/Community/MSBuild/Current/Bin, mtime 1636940957): 97 files, no impossibilities.
# G:\Sonarqube\sonarqube-9.1.0.47736\sonarqube-9.1.0.47736\bin (key G:/Sonarqube/sonarqube-9.1.0.47736/sonarqube-9.1.0.47736/bin, mtime 1632449645): 9 files, no impossibilities.
# G:\curl-7.70.0-win64-mingw\bin (key G:/curl-7.70.0-win64-mingw/bin, mtime 1591754815): 7 files, no impossibilities.
# C:\Python38\ (key C:/Python38/, mtime 1639478415): 18 files, no impossibilities.
# C:\Python38\Scripts\ (key C:/Python38/Scripts/, mtime 1639478417): 15 files, no impossibilities.
# G:\emsdk\java\8.152_64bit\bin (key G:/emsdk/java/8.152_64bit/bin, mtime 1603851567): 132 files, no impossibilities.
# G:\Program Files\JetBrains\JetBrains Rider 2019.3.2\bin (key G:/Program Files/JetBrains/JetBrains Rider 2019.3.2/bin, mtime 1596678452): 3 files, no impossibilities.
# C:\Program Files\Git\cmd (key C:/Program Files/Git/cmd, mtime 1641000673): 8 files, no impossibilities.
# C:\Windows\system32 (key C:/Windows/system32, mtime 1642234872): 3171 files, no impossibilities.
# C:\Program Files\Azure Data Studio\bin: could not be stat'd.
# G:\OpenJDK\bin (key G:/OpenJDK/bin, mtime 1632277628): 98 files, no impossibilities.
# D:\WebAssembly\emsdk\emscripten\1.38.30: could not be stat'd.
# G:\Program Files\CMake\bin (key G:/Program Files/CMake/bin, mtime 1588643318): 7 files, no impossibilities.
# G:\emsdk\upstream\emscripten (key G:/emsdk/upstream/emscripten, mtime 1641000281): 70 files, no impossibilities.
# C:\Program Files\NVIDIA Corporation\NVIDIA NvDLISR (key C:/Program Files/NVIDIA Corporation/NVIDIA NvDLISR, mtime 1553478172): 5 files, no impossibilities.
# G:\Perl64\bin (key G:/Perl64/bin, mtime 1602988039): 129 files, no impossibilities.
# G:\Program Files\Dart\dart-sdk\bin (key G:/Program Files/Dart/dart-sdk/bin, mtime 1631633026): 17 files, no impossibilities.

# 5025 files, no impossibilities in 62 directories.

# Implicit Rules

build/%.c.o: %.c
#  commands to execute (from `makefile', line 34):
	mkdir -p $(dir $@)
	$(CC) $(CPPFLAGS) $(CFLAGS) -c $< -o $@
	

build/%.cpp.o: %.cpp
#  commands to execute (from `makefile', line 39):
	mkdir -p $(dir $@)
	$(CXX) $(CPPFLAGS) $(CXXFLAGS) -c $< -o $@
	

# 2 implicit rules, 0 (0.0%) terminal.

# Files

# Not a target:
all:
#  Command-line target.
#  Implicit rule search has been done.
#  File does not exist.
#  File has not been updated.
# variable set hash-table stats:
# Load=0/32=0%, Rehash=0, Collisions=0/0=0%

.PHONY: clean
#  Implicit rule search has not been done.
#  Modification time never checked.
#  File has not been updated.

# Not a target:
.DEFAULT:
#  Implicit rule search has not been done.
#  Modification time never checked.
#  File has not been updated.

# Not a target:
makefile:
#  Implicit rule search has been done.
#  Last modified 2022-01-20 00:03:08
#  File has been updated.
#  Successfully updated.
# variable set hash-table stats:
# Load=0/32=0%, Rehash=0, Collisions=0/0=0%

bin/lodash:
#  Implicit rule search has not been done.
#  Modification time never checked.
#  File has not been updated.
#  commands to execute (from `makefile', line 30):
	$(CC) $(OBJS) -o $@ $(LDFLAGS)
	

# Not a target:
.SUFFIXES:
#  Implicit rule search has not been done.
#  Modification time never checked.
#  File has not been updated.

clean:
#  Phony target (prerequisite of .PHONY).
#  Implicit rule search has not been done.
#  File does not exist.
#  File has not been updated.
#  commands to execute (from `makefile', line 45):
	rm -r $(BUILD_DIR)
	

# files hash-table stats:
# Load=7/1024=1%, Rehash=0, Collisions=0/19=0%
# VPATH Search Paths

# No `vpath' search paths.

# No general (`VPATH' variable) search path.

# # of strings in strcache: 1
# # of strcache buffers: 1
# strcache size: total = 4096 / max = 4096 / min = 4096 / avg = 4096
# strcache free: total = 4087 / max = 4087 / min = 4087 / avg = 4087

# Finished Make data base on Thu Jan 20 01:26:34 2022

 
